This is pdfTeX, Version 3.141592653-2.6-1.40.25 (TeX Live 2023/Debian) (preloaded format=pdflatex 2025.7.3)  3 JUL 2025 23:07
entering extended mode
 restricted \write18 enabled.
 file:line:error style messages enabled.
 %&-line parsing enabled.
**formulae.tex
(./formulae.tex
LaTeX2e <2023-11-01> patch level 1
L3 programming layer <2024-01-22>

./formulae.tex:1: LaTeX Error: \usepackage before \documentclass.

See the LaTeX manual or LaTeX Companion for explanation.
Type  H <return>  for immediate help.
 ...                                              
                                                  
l.1 \usepackage{
                amsmath}
\usepackage may only appear in the document preamble, i.e.,
between \documentclass and \begin{document}.


./formulae.tex:2: LaTeX Error: \usepackage before \documentclass.

See the LaTeX manual or LaTeX Companion for explanation.
Type  H <return>  for immediate help.
 ...                                              
                                                  
l.2 \usepackage[utf8]{
                      inputenc}
\usepackage may only appear in the document preamble, i.e.,
between \documentclass and \begin{document}.


./formulae.tex:3: LaTeX Error: \usepackage before \documentclass.

See the LaTeX manual or LaTeX Companion for explanation.
Type  H <return>  for immediate help.
 ...                                              
                                                  
l.3 \usepackage[T1]{
                    fontenc}\small
\usepackage may only appear in the document preamble, i.e.,
between \documentclass and \begin{document}.

./formulae.tex:3: Undefined control sequence.
l.3 \usepackage[T1]{fontenc}\small
                                  
The control sequence at the end of the top line
of your error message was never \def'ed. If you have
misspelled it (e.g., `\hobx'), type `I' and the correct
spelling (e.g., `I\hbox'). Otherwise just continue,
and I'll forget about whatever was undefined.

./formulae.tex:4: Missing $ inserted.
<inserted text> 
                $
l.4 \begin{array}{rcl}
                      
I've inserted a begin-math/end-math symbol since I think
you left one out. Proceed, with fingers crossed.


./formulae.tex:4: LaTeX Error: Missing \begin{document}.

See the LaTeX manual or LaTeX Companion for explanation.
Type  H <return>  for immediate help.
 ...                                              
                                                  
l.4 \begin{array}{rcl}
                      
You're in trouble here.  Try typing  <return>  to proceed.
If that doesn't work, type  X <return>  to quit.

LaTeX Font Info:    External font `cmex10' loaded for size
(Font)              <7> on input line 4.
LaTeX Font Info:    External font `cmex10' loaded for size
(Font)              <5> on input line 4.

./formulae.tex:5: LaTeX Error: Unicode character 𝑛 (U+1D45B)
               not set up for use with LaTeX.

See the LaTeX manual or LaTeX Companion for explanation.
Type  H <return>  for immediate help.
 ...                                              
                                                  
l.5     𝑛
             & = & \text{The target bit width} \\
You may provide a definition with
\DeclareUnicodeCharacter 

./formulae.tex:5: Undefined control sequence.
l.5     𝑛 & = & \text
                        {The target bit width} \\
The control sequence at the end of the top line
of your error message was never \def'ed. If you have
misspelled it (e.g., `\hobx'), type `I' and the correct
spelling (e.g., `I\hbox'). Otherwise just continue,
and I'll forget about whatever was undefined.


./formulae.tex:6: LaTeX Error: Unicode character ℓ (U+2113)
               not set up for use with LaTeX.

See the LaTeX manual or LaTeX Companion for explanation.
Type  H <return>  for immediate help.
 ...                                              
                                                  
l.6     ℓ
            & = & \text{The pattern index limit} \\
You may provide a definition with
\DeclareUnicodeCharacter 

./formulae.tex:6: Undefined control sequence.
l.6     ℓ & = & \text
                       {The pattern index limit} \\
The control sequence at the end of the top line
of your error message was never \def'ed. If you have
misspelled it (e.g., `\hobx'), type `I' and the correct
spelling (e.g., `I\hbox'). Otherwise just continue,
and I'll forget about whatever was undefined.

./formulae.tex:7: Undefined control sequence.
l.7     p & = & \text
                     {The pattern bit width} \\
The control sequence at the end of the top line
of your error message was never \def'ed. If you have
misspelled it (e.g., `\hobx'), type `I' and the correct
spelling (e.g., `I\hbox'). Otherwise just continue,
and I'll forget about whatever was undefined.


./formulae.tex:8: LaTeX Error: Unicode character 𝑣 (U+1D463)
               not set up for use with LaTeX.

See the LaTeX manual or LaTeX Companion for explanation.
Type  H <return>  for immediate help.
 ...                                              
                                                  
l.8     𝑣
             & = & \text{The pattern value}
You may provide a definition with
\DeclareUnicodeCharacter 

./formulae.tex:8: Undefined control sequence.
l.8     𝑣 & = & \text
                        {The pattern value}
The control sequence at the end of the top line
of your error message was never \def'ed. If you have
misspelled it (e.g., `\hobx'), type `I' and the correct
spelling (e.g., `I\hbox'). Otherwise just continue,
and I'll forget about whatever was undefined.

./formulae.tex:9: Missing $ inserted.
<inserted text> 
                $
l.9 \end{array}
               
I've inserted something that you may have forgotten.
(See the <inserted text> above.)
With luck, this will get me unwedged. But if you
really didn't forget anything, try typing `2' now; then
my insertion and my current dilemma will both disappear.


./formulae.tex:12: LaTeX Error: The font size command \normalsize is not define
d:
               there is probably something wrong with the class file.

See the LaTeX manual or LaTeX Companion for explanation.
Type  H <return>  for immediate help.
 ...                                              
                                                  
l.12 \normalsize
                
Your command was ignored.
Type  I <command> <return>  to replace it with another command,
or  <return>  to continue without it.

Missing character: There is no k in font nullfont!
Missing character: There is no = in font nullfont!
./formulae.tex:13: Missing $ inserted.
<inserted text> 
                $
l.13 k = \left
              \lfloor \frac{𝑛}{p} \right\rfloor \\\\
I've inserted a begin-math/end-math symbol since I think
you left one out. Proceed, with fingers crossed.


./formulae.tex:13: LaTeX Error: Unicode character 𝑛 (U+1D45B)
               not set up for use with LaTeX.

See the LaTeX manual or LaTeX Companion for explanation.
Type  H <return>  for immediate help.
 ...                                              
                                                  
l.13 k = \left\lfloor \frac{𝑛}{p}
                                     \right\rfloor \\\\
You may provide a definition with
\DeclareUnicodeCharacter 

./formulae.tex:15: Undefined control sequence.
l.15 \left\lfloor\left(\dfrac
                             {2^{n-(i*p)}}{ℓ}\right)*v \right\rfloor
The control sequence at the end of the top line
of your error message was never \def'ed. If you have
misspelled it (e.g., `\hobx'), type `I' and the correct
spelling (e.g., `I\hbox'). Otherwise just continue,
and I'll forget about whatever was undefined.


./formulae.tex:15: LaTeX Error: Unicode character ℓ (U+2113)
               not set up for use with LaTeX.

See the LaTeX manual or LaTeX Companion for explanation.
Type  H <return>  for immediate help.
 ...                                              
                                                  
l.15 \left\lfloor\left(\dfrac{2^{n-(i*p)}}{ℓ
                                              }\right)*v \right\rfloor
You may provide a definition with
\DeclareUnicodeCharacter 

)
! Emergency stop.
<*> formulae.tex
                
*** (job aborted, no legal \end found)

 
Here is how much of TeX's memory you used:
 24 strings out of 476182
 584 string characters out of 5795596
 1923975 words of memory out of 5000000
 22124 multiletter control sequences out of 15000+600000
 558069 words of font info for 36 fonts, out of 8000000 for 9000
 14 hyphenation exceptions out of 8191
 19i,7n,20p,87b,93s stack positions out of 10000i,1000n,20000p,200000b,200000s
!  ==> Fatal error occurred, no output PDF file produced!
